<?xml version="1.0" encoding="utf-8"?><testsuites name="pytest tests"><testsuite name="pytest" errors="0" failures="0" skipped="0" tests="19" time="6.525" timestamp="2026-01-28T13:17:02.250620+00:00" hostname="agent-env-2e204e73-7b5c-4c48-8590-adfc1a313122"><testcase classname="backend.tests.test_accounting_system.TestAccountingSystem" name="test_get_accounts" time="0.334" /><testcase classname="backend.tests.test_accounting_system.TestAccountingSystem" name="test_accounts_structure" time="0.268" /><testcase classname="backend.tests.test_accounting_system.TestAccountingSystem" name="test_seed_default_accounts_already_exists" time="0.272" /><testcase classname="backend.tests.test_accounting_system.TestAccountingSystem" name="test_create_account" time="0.317" /><testcase classname="backend.tests.test_accounting_system.TestAccountingSystem" name="test_get_suppliers" time="0.269" /><testcase classname="backend.tests.test_accounting_system.TestAccountingSystem" name="test_create_supplier" time="0.346" /><testcase classname="backend.tests.test_accounting_system.TestAccountingSystem" name="test_get_supplier_by_id" time="0.301" /><testcase classname="backend.tests.test_accounting_system.TestAccountingSystem" name="test_update_supplier" time="0.289" /><testcase classname="backend.tests.test_accounting_system.TestAccountingSystem" name="test_delete_supplier_without_invoices" time="0.329" /><testcase classname="backend.tests.test_accounting_system.TestAccountingSystem" name="test_get_purchase_invoices" time="0.268" /><testcase classname="backend.tests.test_accounting_system.TestAccountingSystem" name="test_create_purchase_invoice_with_journal_entry" time="0.409" /><testcase classname="backend.tests.test_accounting_system.TestAccountingSystem" name="test_purchase_invoice_balance_verification" time="0.380" /><testcase classname="backend.tests.test_accounting_system.TestAccountingSystem" name="test_create_supplier_payment" time="0.500" /><testcase classname="backend.tests.test_accounting_system.TestAccountingSystem" name="test_full_payment_marks_invoice_paid" time="0.449" /><testcase classname="backend.tests.test_accounting_system.TestAccountingSystem" name="test_get_journal_entries" time="0.272" /><testcase classname="backend.tests.test_accounting_system.TestAccountingSystem" name="test_journal_entries_are_balanced" time="0.285" /><testcase classname="backend.tests.test_accounting_system.TestAccountingSystem" name="test_create_manual_journal_entry" time="0.285" /><testcase classname="backend.tests.test_accounting_system.TestAccountingSystem" name="test_unbalanced_journal_entry_rejected" time="0.282" /><testcase classname="backend.tests.test_accounting_system.TestAccountingSystem" name="test_full_purchase_workflow" time="0.533" /></testsuite></testsuites>