<?xml version="1.0" encoding="utf-8"?><testsuites name="pytest tests"><testsuite name="pytest" errors="0" failures="0" skipped="0" tests="26" time="4.440" timestamp="2026-02-13T06:55:48.216269+00:00" hostname="agent-env-f619e966-bbc8-48b8-bf06-d0aafc32060e"><testcase classname="backend.tests.test_advertisements.TestAdvertisementsAuth" name="test_get_all_ads_requires_auth" time="0.094" /><testcase classname="backend.tests.test_advertisements.TestAdvertisementsAuth" name="test_get_public_ads_no_auth" time="0.045" /><testcase classname="backend.tests.test_advertisements.TestAdvertisementsCRUD" name="test_get_all_advertisements" time="0.319" /><testcase classname="backend.tests.test_advertisements.TestAdvertisementsCRUD" name="test_create_banner_advertisement" time="0.085" /><testcase classname="backend.tests.test_advertisements.TestAdvertisementsCRUD" name="test_create_video_advertisement_with_youtube_url" time="0.085" /><testcase classname="backend.tests.test_advertisements.TestAdvertisementsCRUD" name="test_create_link_advertisement" time="0.080" /><testcase classname="backend.tests.test_advertisements.TestAdvertisementsCRUD" name="test_update_advertisement" time="0.154" /><testcase classname="backend.tests.test_advertisements.TestAdvertisementsCRUD" name="test_delete_advertisement" time="0.120" /><testcase classname="backend.tests.test_advertisements.TestAdvertisementsCRUD" name="test_toggle_advertisement_status" time="0.111" /><testcase classname="backend.tests.test_advertisements.TestAdvertisementsPublic" name="test_get_public_advertisements" time="0.038" /><testcase classname="backend.tests.test_advertisements.TestAdvertisementsPublic" name="test_get_public_ads_by_position" time="0.153" /><testcase classname="backend.tests.test_advertisements.TestAdvertisementsPublic" name="test_record_view" time="0.457" /><testcase classname="backend.tests.test_advertisements.TestAdvertisementsPublic" name="test_record_click" time="0.190" /><testcase classname="backend.tests.test_advertisements.TestAdvertisementsStats" name="test_get_stats_summary" time="0.296" /><testcase classname="backend.tests.test_advertisements.TestYouTubeVideoIdExtraction" name="test_youtube_standard_url" time="0.338" /><testcase classname="backend.tests.test_advertisements.TestYouTubeVideoIdExtraction" name="test_youtube_short_url" time="0.083" /><testcase classname="backend.tests.test_advertisements.TestYouTubeVideoIdExtraction" name="test_youtube_embed_url" time="0.073" /><testcase classname="backend.tests.test_advertisements.TestYouTubeVideoIdExtraction" name="test_youtube_video_id_only" time="0.079" /><testcase classname="backend.tests.test_advertisements.TestYouTubeVideoIdExtraction" name="test_youtube_shorts_url" time="0.074" /><testcase classname="backend.tests.test_advertisements.TestAdvertisementsFiltering" name="test_filter_by_ad_type" time="0.409" /><testcase classname="backend.tests.test_advertisements.TestAdvertisementsFiltering" name="test_filter_by_position" time="0.192" /><testcase classname="backend.tests.test_advertisements.TestAdvertisementsFiltering" name="test_filter_active_only" time="0.038" /><testcase classname="backend.tests.test_advertisements.TestAdvertisementsErrorHandling" name="test_get_nonexistent_ad" time="0.298" /><testcase classname="backend.tests.test_advertisements.TestAdvertisementsErrorHandling" name="test_delete_nonexistent_ad" time="0.037" /><testcase classname="backend.tests.test_advertisements.TestAdvertisementsErrorHandling" name="test_view_nonexistent_ad" time="0.036" /><testcase classname="backend.tests.test_advertisements.TestAdvertisementsErrorHandling" name="test_click_nonexistent_ad" time="0.336" /></testsuite></testsuites>