<?xml version="1.0" encoding="utf-8"?><testsuites name="pytest tests"><testsuite name="pytest" errors="0" failures="0" skipped="0" tests="11" time="3.649" timestamp="2026-02-04T15:13:11.799835+00:00" hostname="agent-env-0da0f13e-e02e-419e-8cfb-79dfc00b9b8a"><testcase classname="backend.tests.test_attendance.TestAttendanceModule" name="test_get_attendance_list" time="0.413" /><testcase classname="backend.tests.test_attendance.TestAttendanceModule" name="test_get_attendance_by_activity" time="0.297" /><testcase classname="backend.tests.test_attendance.TestAttendanceModule" name="test_get_attendance_by_activity_invalid_id" time="0.332" /><testcase classname="backend.tests.test_attendance.TestAttendanceModule" name="test_record_single_attendance" time="0.327" /><testcase classname="backend.tests.test_attendance.TestAttendanceModule" name="test_record_bulk_attendance" time="0.302" /><testcase classname="backend.tests.test_attendance.TestAttendanceModule" name="test_qr_checkin" time="0.335" /><testcase classname="backend.tests.test_attendance.TestAttendanceModule" name="test_qr_checkin_invalid_member" time="0.296" /><testcase classname="backend.tests.test_attendance.TestAttendanceModule" name="test_get_activity_report" time="0.295" /><testcase classname="backend.tests.test_attendance.TestAttendanceModule" name="test_get_member_report" time="0.288" /><testcase classname="backend.tests.test_attendance.TestAttendanceModule" name="test_attendance_with_date_filters" time="0.286" /><testcase classname="backend.tests.test_attendance.TestAttendanceModule" name="test_branches_api" time="0.291" /></testsuite></testsuites>