<?xml version="1.0" encoding="utf-8"?><testsuites name="pytest tests"><testsuite name="pytest" errors="0" failures="0" skipped="0" tests="12" time="5.899" timestamp="2026-01-20T08:11:45.058434+00:00" hostname="agent-env-5bae7dff-55ee-4b39-ba0d-319bdc92971b"><testcase classname="tests.test_branch_switching.TestBranchSwitching" name="test_get_all_branches" time="0.338" /><testcase classname="tests.test_branch_switching.TestBranchSwitching" name="test_dashboard_stats_all_branches" time="0.311" /><testcase classname="tests.test_branch_switching.TestBranchSwitching" name="test_dashboard_stats_specific_branch" time="0.441" /><testcase classname="tests.test_branch_switching.TestBranchSwitching" name="test_members_filter_by_branch" time="0.423" /><testcase classname="tests.test_branch_switching.TestBranchSwitching" name="test_invoices_filter_by_branch" time="0.437" /><testcase classname="tests.test_branch_switching.TestBranchSwitching" name="test_discounts_filter_by_branch" time="0.439" /><testcase classname="tests.test_branch_switching.TestBranchSwitching" name="test_create_coupon_with_branch" time="0.477" /><testcase classname="tests.test_branch_switching.TestBranchSwitching" name="test_products_filter_by_branch" time="0.438" /><testcase classname="tests.test_non_admin_no_branch_selector.TestNonAdminBranchAccess" name="test_create_non_admin_user" time="0.325" /><testcase classname="tests.test_non_admin_no_branch_selector.TestNonAdminBranchAccess" name="test_non_admin_login" time="0.625" /><testcase classname="tests.test_non_admin_no_branch_selector.TestNonAdminBranchAccess" name="test_non_admin_sees_only_own_branch" time="0.620" /><testcase classname="tests.test_non_admin_no_branch_selector.TestNonAdminBranchAccess" name="test_non_admin_cannot_filter_other_branches" time="0.974" /></testsuite></testsuites>