<?xml version="1.0" encoding="utf-8"?><testsuites name="pytest tests"><testsuite name="pytest" errors="0" failures="0" skipped="0" tests="17" time="6.684" timestamp="2026-02-13T10:26:56.952518+00:00" hostname="agent-env-d095e3e4-1b83-4c46-87da-1edd3e21c7cb"><testcase classname="backend.tests.test_loyalty_system.TestLoyaltySettings" name="test_get_points_settings" time="0.246" /><testcase classname="backend.tests.test_loyalty_system.TestLoyaltySettings" name="test_get_level_settings" time="0.096" /><testcase classname="backend.tests.test_loyalty_system.TestLoyaltyRewards" name="test_get_rewards_public" time="0.302" /><testcase classname="backend.tests.test_loyalty_system.TestLoyaltyRewards" name="test_get_rewards_active_only" time="0.136" /><testcase classname="backend.tests.test_loyalty_system.TestLoyaltyRewards" name="test_create_reward" time="0.500" /><testcase classname="backend.tests.test_loyalty_system.TestLoyaltyRewards" name="test_create_product_reward" time="0.445" /><testcase classname="backend.tests.test_loyalty_system.TestMemberPoints" name="test_get_member_points" time="0.614" /><testcase classname="backend.tests.test_loyalty_system.TestMemberPoints" name="test_get_member_points_history" time="0.745" /><testcase classname="backend.tests.test_loyalty_system.TestMemberPoints" name="test_adjust_member_points" time="0.793" /><testcase classname="backend.tests.test_loyalty_system.TestMemberPoints" name="test_adjust_member_points_negative" time="0.658" /><testcase classname="backend.tests.test_loyalty_system.TestMemberPoints" name="test_get_nonexistent_member_points" time="0.108" /><testcase classname="backend.tests.test_loyalty_system.TestLeaderboard" name="test_get_leaderboard" time="0.157" /><testcase classname="backend.tests.test_loyalty_system.TestBirthdayPoints" name="test_process_birthdays" time="0.128" /><testcase classname="backend.tests.test_loyalty_system.TestBirthdayPoints" name="test_get_today_birthdays" time="0.115" /><testcase classname="backend.tests.test_loyalty_system.TestLoyaltyStats" name="test_get_loyalty_stats" time="0.500" /><testcase classname="backend.tests.test_loyalty_system.TestRedemptions" name="test_get_all_redemptions" time="0.439" /><testcase classname="backend.tests.test_loyalty_system.TestRedemptions" name="test_get_redemptions_by_status" time="0.485" /></testsuite></testsuites>