<?xml version="1.0" encoding="utf-8"?><testsuites name="pytest tests"><testsuite name="pytest" errors="0" failures="0" skipped="0" tests="6" time="2.034" timestamp="2026-01-27T06:07:26.116485+00:00" hostname="agent-env-958d16f0-aa68-4b01-bb0e-c3b679669485"><testcase classname="backend.tests.test_pending_forms_dashboard.TestDashboardPendingForms" name="test_dashboard_stats_returns_pending_forms_fields" time="0.316" /><testcase classname="backend.tests.test_pending_forms_dashboard.TestDashboardPendingForms" name="test_dashboard_stats_pending_forms_count_matches_api" time="0.342" /><testcase classname="backend.tests.test_pending_forms_dashboard.TestRegistrationFormCalculation" name="test_registration_form_total_without_vat" time="0.324" /><testcase classname="backend.tests.test_pending_forms_dashboard.TestRegistrationFormCalculation" name="test_registration_form_save_only" time="0.356" /><testcase classname="backend.tests.test_pending_forms_dashboard.TestRegistrationFormsAPI" name="test_get_registration_forms_list" time="0.332" /><testcase classname="backend.tests.test_pending_forms_dashboard.TestRegistrationFormsAPI" name="test_get_pending_registration_forms" time="0.309" /></testsuite></testsuites>