<?xml version="1.0" encoding="utf-8"?><testsuites name="pytest tests"><testsuite name="pytest" errors="0" failures="1" skipped="0" tests="6" time="1.996" timestamp="2026-01-27T06:06:58.636804+00:00" hostname="agent-env-958d16f0-aa68-4b01-bb0e-c3b679669485"><testcase classname="backend.tests.test_pending_forms_dashboard.TestDashboardPendingForms" name="test_dashboard_stats_returns_pending_forms_fields" time="0.334" /><testcase classname="backend.tests.test_pending_forms_dashboard.TestDashboardPendingForms" name="test_dashboard_stats_pending_forms_count_matches_api" time="0.318" /><testcase classname="backend.tests.test_pending_forms_dashboard.TestRegistrationFormCalculation" name="test_registration_form_total_without_vat" time="0.325" /><testcase classname="backend.tests.test_pending_forms_dashboard.TestRegistrationFormCalculation" name="test_registration_form_save_only" time="0.362" /><testcase classname="backend.tests.test_pending_forms_dashboard.TestRegistrationFormsAPI" name="test_get_registration_forms_list" time="0.289" /><testcase classname="backend.tests.test_pending_forms_dashboard.TestRegistrationFormsAPI" name="test_get_pending_registration_forms" time="0.293"><failure message="AssertionError: Form 2a9cda11-d7ac-45ec-bc54-f0439d0761cc has status converted, expected pending&#10;assert 'converted' == 'pending'&#10;  &#10;  - pending&#10;  + converted">backend/tests/test_pending_forms_dashboard.py:221: in test_get_pending_registration_forms
    assert form.get("status") == "pending", f"Form {form.get('id')} has status {form.get('status')}, expected pending"
E   AssertionError: Form 2a9cda11-d7ac-45ec-bc54-f0439d0761cc has status converted, expected pending
E   assert 'converted' == 'pending'
E     
E     - pending
E     + converted</failure></testcase></testsuite></testsuites>