<?xml version="1.0" encoding="utf-8"?><testsuites name="pytest tests"><testsuite name="pytest" errors="0" failures="3" skipped="0" tests="10" time="4.438" timestamp="2026-01-19T06:13:12.569167+00:00" hostname="agent-env-e1efe04a-768a-4798-9f2c-bb1ead9674ef"><testcase classname="tests.test_invoice_store_discounts.TestInvoiceStoreDiscountIntegration" name="test_01_login_and_get_data" time="0.403" /><testcase classname="tests.test_invoice_store_discounts.TestInvoiceStoreDiscountIntegration" name="test_02_create_invoice_with_activity" time="0.444" /><testcase classname="tests.test_invoice_store_discounts.TestInvoiceStoreDiscountIntegration" name="test_03_create_invoice_with_product" time="0.437" /><testcase classname="tests.test_invoice_store_discounts.TestInvoiceStoreDiscountIntegration" name="test_04_validate_discount_coupon" time="0.389" /><testcase classname="tests.test_invoice_store_discounts.TestInvoiceStoreDiscountIntegration" name="test_05_create_invoice_with_discount" time="0.417" /><testcase classname="tests.test_invoice_store_discounts.TestInvoiceStoreDiscountIntegration" name="test_06_pay_invoice_and_verify_stock_deduction" time="0.488"><failure message="AssertionError: Stock not deducted correctly: expected 18, got 20&#10;assert 20 == 18">tests/test_invoice_store_discounts.py:284: in test_06_pay_invoice_and_verify_stock_deduction
    assert product_after["quantity"] == expected_stock, f"Stock not deducted correctly: expected {expected_stock}, got {product_after['quantity']}"
E   AssertionError: Stock not deducted correctly: expected 18, got 20
E   assert 20 == 18</failure></testcase><testcase classname="tests.test_invoice_store_discounts.TestInvoiceStoreDiscountIntegration" name="test_07_pay_invoice_and_verify_coupon_usage" time="0.458"><failure message="AssertionError: Coupon usage not updated: expected 1, got 0&#10;assert 0 == 1">tests/test_invoice_store_discounts.py:343: in test_07_pay_invoice_and_verify_coupon_usage
    assert discount_after["used_count"] == expected_usage, f"Coupon usage not updated: expected {expected_usage}, got {discount_after['used_count']}"
E   AssertionError: Coupon usage not updated: expected 1, got 0
E   assert 0 == 1</failure></testcase><testcase classname="tests.test_invoice_store_discounts.TestInvoiceStoreDiscountIntegration" name="test_08_create_invoice_with_activity_and_product" time="0.398" /><testcase classname="tests.test_invoice_store_discounts.TestInvoiceStoreDiscountIntegration" name="test_09_invalid_coupon_code" time="0.373" /><testcase classname="tests.test_invoice_store_discounts.TestInvoiceStoreDiscountIntegration" name="test_10_insufficient_stock" time="0.491"><failure message="AssertionError: Expected 400 for insufficient stock, got 200&#10;assert 200 == 400&#10; +  where 200 = &lt;Response [200]&gt;.status_code">tests/test_invoice_store_discounts.py:454: in test_10_insufficient_stock
    assert pay_response.status_code == 400, f"Expected 400 for insufficient stock, got {pay_response.status_code}"
E   AssertionError: Expected 400 for insufficient stock, got 200
E   assert 200 == 400
E    +  where 200 = &lt;Response [200]&gt;.status_code</failure></testcase></testsuite></testsuites>