<?xml version="1.0" encoding="utf-8"?><testsuites name="pytest tests"><testsuite name="pytest" errors="0" failures="0" skipped="0" tests="10" time="4.398" timestamp="2026-01-19T06:14:23.286837+00:00" hostname="agent-env-e1efe04a-768a-4798-9f2c-bb1ead9674ef"><testcase classname="tests.test_invoice_store_discounts.TestInvoiceStoreDiscountIntegration" name="test_01_login_and_get_data" time="0.408" /><testcase classname="tests.test_invoice_store_discounts.TestInvoiceStoreDiscountIntegration" name="test_02_create_invoice_with_activity" time="0.381" /><testcase classname="tests.test_invoice_store_discounts.TestInvoiceStoreDiscountIntegration" name="test_03_create_invoice_with_product" time="0.388" /><testcase classname="tests.test_invoice_store_discounts.TestInvoiceStoreDiscountIntegration" name="test_04_validate_discount_coupon" time="0.375" /><testcase classname="tests.test_invoice_store_discounts.TestInvoiceStoreDiscountIntegration" name="test_05_create_invoice_with_discount" time="0.510" /><testcase classname="tests.test_invoice_store_discounts.TestInvoiceStoreDiscountIntegration" name="test_06_pay_invoice_and_verify_stock_deduction" time="0.520" /><testcase classname="tests.test_invoice_store_discounts.TestInvoiceStoreDiscountIntegration" name="test_07_pay_invoice_and_verify_coupon_usage" time="0.541" /><testcase classname="tests.test_invoice_store_discounts.TestInvoiceStoreDiscountIntegration" name="test_08_create_invoice_with_activity_and_product" time="0.440" /><testcase classname="tests.test_invoice_store_discounts.TestInvoiceStoreDiscountIntegration" name="test_09_invalid_coupon_code" time="0.338" /><testcase classname="tests.test_invoice_store_discounts.TestInvoiceStoreDiscountIntegration" name="test_10_insufficient_stock" time="0.437" /></testsuite></testsuites>