<?xml version="1.0" encoding="utf-8"?><testsuites name="pytest tests"><testsuite name="pytest" errors="0" failures="0" skipped="0" tests="8" time="2.811" timestamp="2026-01-27T06:24:37.460348+00:00" hostname="agent-env-958d16f0-aa68-4b01-bb0e-c3b679669485"><testcase classname="backend.tests.test_registration_forms_update.TestRegistrationFormsViewUpdate" name="test_get_all_registration_forms" time="0.327" /><testcase classname="backend.tests.test_registration_forms_update.TestRegistrationFormsViewUpdate" name="test_get_single_registration_form" time="0.324" /><testcase classname="backend.tests.test_registration_forms_update.TestRegistrationFormsViewUpdate" name="test_get_nonexistent_form_returns_404" time="0.291" /><testcase classname="backend.tests.test_registration_forms_update.TestRegistrationFormsViewUpdate" name="test_update_pending_registration_form" time="0.397" /><testcase classname="backend.tests.test_registration_forms_update.TestRegistrationFormsViewUpdate" name="test_update_form_items" time="0.367" /><testcase classname="backend.tests.test_registration_forms_update.TestRegistrationFormsViewUpdate" name="test_cannot_update_converted_form" time="0.325" /><testcase classname="backend.tests.test_registration_forms_update.TestRegistrationFormsViewUpdate" name="test_update_nonexistent_form_returns_404" time="0.298" /><testcase classname="backend.tests.test_registration_forms_update.TestRegistrationFormsViewUpdate" name="test_form_status_determines_editability" time="0.438" /></testsuite></testsuites>