<?xml version="1.0" encoding="utf-8"?><testsuites name="pytest tests"><testsuite name="pytest" errors="0" failures="0" skipped="0" tests="5" time="1.924" timestamp="2026-01-27T05:44:50.657272+00:00" hostname="agent-env-958d16f0-aa68-4b01-bb0e-c3b679669485"><testcase classname="backend.tests.test_supervisor_name.TestSupervisorNameFeature" name="test_01_create_invoice_saves_supervisor_name" time="0.438" /><testcase classname="backend.tests.test_supervisor_name.TestSupervisorNameFeature" name="test_02_convert_registration_form_saves_supervisor_name" time="0.332" /><testcase classname="backend.tests.test_supervisor_name.TestSupervisorNameFeature" name="test_03_old_invoices_without_supervisor_name_display_correctly" time="0.335" /><testcase classname="backend.tests.test_supervisor_name.TestSupervisorNameFeature" name="test_04_verify_invoice_202601_has_supervisor_name" time="0.291" /><testcase classname="backend.tests.test_supervisor_name.TestSupervisorNameFeature" name="test_05_cleanup_test_data" time="0.429" /></testsuite></testsuites>